Using pre-set license
Built from '2020.3/staging' branch; Version is '2020.3.4f1 (0abb6314276a) revision 703331'; Using compiler version '192528614'; Build Type 'Release'
OS: 'Windows 10 Home; OS build 18363.1500; Version 1909; 64bit' Language: 'pt' Physical Memory: 3967 MB
BatchMode: 1, IsHumanControllingUs: 0, StartBugReporterOnCrash: 0, Is64bit: 1, IsPro: 0

 COMMAND LINE ARGUMENTS:
C:\Program Files\Unity\Hub\Editor\2020.3.4f1\Editor\Unity.exe
-adb2
-batchMode
-noUpm
-name
AssetImportWorker7
-projectPath
C:/Users/x/Documents/AI Flocking
-logFile
Logs/AssetImportWorker7.log
-srvPort
63582
Successfully changed project path to: C:/Users/x/Documents/AI Flocking
C:/Users/x/Documents/AI Flocking
Using Asset Import Pipeline V2.
Refreshing native plugins compatible for Editor in 32.34 ms, found 0 plugins.
Preloading 0 native plugins for Editor in 0.00 ms.
Initialize engine version: 2020.3.4f1 (0abb6314276a)
[Subsystems] Discovering subsystems at path C:/Program Files/Unity/Hub/Editor/2020.3.4f1/Editor/Data/Resources/UnitySubsystems
[Subsystems] Discovering subsystems at path C:/Users/x/Documents/AI Flocking/Assets
GfxDevice: creating device client; threaded=0
Direct3D:
    Version:  Direct3D 11.0 [level 11.1]
    Renderer: Intel(R) HD Graphics 4400 (ID=0x41e)
    Vendor:   
    VRAM:     1983 MB
    Driver:   20.19.15.4835
Initialize mono
Mono path[0] = 'C:/Program Files/Unity/Hub/Editor/2020.3.4f1/Editor/Data/Managed'
Mono path[1] = 'C:/Program Files/Unity/Hub/Editor/2020.3.4f1/Editor/Data/MonoBleedingEdge/lib/mono/unityjit'
Mono config path = 'C:/Program Files/Unity/Hub/Editor/2020.3.4f1/Editor/Data/MonoBleedingEdge/etc'
Using monoOptions --debugger-agent=transport=dt_socket,embedding=1,server=y,suspend=n,address=127.0.0.1:56780
Begin MonoManager ReloadAssembly
Registering precompiled unity dll's ...
Register platform support module: C:/Program Files/Unity/Hub/Editor/2020.3.4f1/Editor/Data/PlaybackEngines/WindowsStandaloneSupport/UnityEditor.WindowsStandalone.Extensions.dll
Registered in 0.001888 seconds.
Native extension for WindowsStandalone target not found
Refreshing native plugins compatible for Editor in 34.01 ms, found 0 plugins.
Preloading 0 native plugins for Editor in 0.00 ms.
Mono: successfully reloaded assembly
- Completed reload, in  2.680 seconds
Platform modules already initialized, skipping
Registering precompiled user dll's ...
Registered in 0.001730 seconds.
Begin MonoManager ReloadAssembly
Native extension for WindowsStandalone target not found
Refreshing native plugins compatible for Editor in 0.25 ms, found 0 plugins.
Preloading 0 native plugins for Editor in 0.00 ms.
Mono: successfully reloaded assembly
- Completed reload, in  2.871 seconds
Platform modules already initialized, skipping
========================================================================
Worker process is ready to serve import requests
Launched and connected shader compiler UnityShaderCompiler.exe after 0.38 seconds
Refreshing native plugins compatible for Editor in 0.60 ms, found 0 plugins.
Preloading 0 native plugins for Editor in 0.00 ms.
Unloading 1115 Unused Serialized files (Serialized files now loaded: 0)
System memory in use before: 57.1 MB.
System memory in use after: 57.2 MB.

Unloading 10 unused Assets to reduce memory usage. Loaded Objects now: 1557.
Total: 240.878800 ms (FindLiveObjects: 0.217500 ms CreateObjectMapping: 0.107900 ms MarkObjects: 222.892400 ms  DeleteObjects: 17.658100 ms)

========================================================================
Received Import Request.
  path: Assets/PinkFish.prefab
  artifactKey: Guid(06a4036ceebb544e494c30d599b9d2c1) Importer(815301076,1909f56bfc062723c751e8b465ee728b)
Start importing Assets/PinkFish.prefab using Guid(06a4036ceebb544e494c30d599b9d2c1) Importer(815301076,1909f56bfc062723c751e8b465ee728b)  -> (artifact id: '9d66781b197aa2ceca0ffdabfb6bf0ce') in 3.704186 seconds
  Import took 3.707066 seconds .

========================================================================
Received Import Request.
  Time since last request: 0.032578 seconds.
  path: Assets/Swimming.unity
  artifactKey: Guid(eb5c26842d52d4b69a13819e92aa0fb6) Importer(815301076,1909f56bfc062723c751e8b465ee728b)
Start importing Assets/Swimming.unity using Guid(eb5c26842d52d4b69a13819e92aa0fb6) Importer(815301076,1909f56bfc062723c751e8b465ee728b)  -> (artifact id: '78eff55cd88a824cbb752b8c42307a33') in 0.042094 seconds
  Import took 0.045763 seconds .

========================================================================
Received Import Request.
  Time since last request: 0.000283 seconds.
  path: Assets/GreenFish.prefab
  artifactKey: Guid(b0489fdb6d64a4a4ba8e194e561d60cd) Importer(815301076,1909f56bfc062723c751e8b465ee728b)
Start importing Assets/GreenFish.prefab using Guid(b0489fdb6d64a4a4ba8e194e561d60cd) Importer(815301076,1909f56bfc062723c751e8b465ee728b)  -> (artifact id: '2c986f43c127e366fde10b57687d4e28') in 1.505678 seconds
  Import took 1.508599 seconds .

